# JRE version: OpenJDK Runtime Environment (15.0.1+9) (build 15.0.1+9-18)
# Java VM: OpenJDK 64-Bit Server VM (15.0.1+9-18, mixed mode, sharing, tiered, compressed oops, g1 gc, windows-amd64)
GC Precious Log:
 CPUs: 4 total, 4 available
 Memory: 8043M
 Large Page Support: Disabled
 NUMA Support: Disabled
 Compressed Oops: Enabled (32-bit)
 Heap Region Size: 1M
 Heap Min Capacity: 8M
 Heap Initial Capacity: 126M
 Heap Max Capacity: 2012M
 Pre-touch: Disabled
 Parallel Workers: 4
 Concurrent Workers: 1
 Concurrent Refinement Workers: 4
 Periodic GC: Disabled
Heap:
 garbage-first heap   total 331776K, used 10311K [0x0000000082400000, 0x0000000100000000)
  region size 1024K, 1 young (1024K), 1 survivors (1024K)
 Metaspace       used 15101K, capacity 16017K, committed 16128K, reserved 1062912K
  class space    used 2168K, capacity 2303K, committed 2304K, reserved 1048576K
GC Heap History (20 events):
Event: 11.189 GC heap after
{Heap after GC invocations=18 (full 0):
 garbage-first heap   total 276480K, used 10435K [0x0000000082400000, 0x0000000100000000)
  region size 1024K, 1 young (1024K), 1 survivors (1024K)
 Metaspace       used 15043K, capacity 15953K, committed 16128K, reserved 1062912K
  class space    used 2168K, capacity 2303K, committed 2304K, reserved 1048576K
}
Event: 11.228 GC heap before
{Heap before GC invocations=18 (full 0):
 garbage-first heap   total 276480K, used 175299K [0x0000000082400000, 0x0000000100000000)
  region size 1024K, 162 young (165888K), 1 survivors (1024K)
 Metaspace       used 15043K, capacity 15953K, committed 16128K, reserved 1062912K
  class space    used 2168K, capacity 2303K, committed 2304K, reserved 1048576K
}
Event: 11.229 GC heap after
{Heap after GC invocations=19 (full 0):
 garbage-first heap   total 276480K, used 10347K [0x0000000082400000, 0x0000000100000000)
  region size 1024K, 1 young (1024K), 1 survivors (1024K)
 Metaspace       used 15043K, capacity 15953K, committed 16128K, reserved 1062912K
  class space    used 2168K, capacity 2303K, committed 2304K, reserved 1048576K
}
Event: 11.270 GC heap before
{Heap before GC invocations=19 (full 0):
 garbage-first heap   total 276480K, used 175211K [0x0000000082400000, 0x0000000100000000)
  region size 1024K, 162 young (165888K), 1 survivors (1024K)
 Metaspace       used 15048K, capacity 16017K, committed 16128K, reserved 1062912K
  class space    used 2168K, capacity 2303K, committed 2304K, reserved 1048576K
}
Event: 11.270 GC heap after
{Heap after GC invocations=20 (full 0):
 garbage-first heap   total 276480K, used 10316K [0x0000000082400000, 0x0000000100000000)
  region size 1024K, 1 young (1024K), 1 survivors (1024K)
 Metaspace       used 15048K, capacity 16017K, committed 16128K, reserved 1062912K
  class space    used 2168K, capacity 2303K, committed 2304K, reserved 1048576K
}
Event: 11.314 GC heap before
{Heap before GC invocations=20 (full 0):
 garbage-first heap   total 276480K, used 175180K [0x0000000082400000, 0x0000000100000000)
  region size 1024K, 162 young (165888K), 1 survivors (1024K)
 Metaspace       used 15083K, capacity 16017K, committed 16128K, reserved 1062912K
  class space    used 2168K, capacity 2303K, committed 2304K, reserved 1048576K
}
Event: 11.315 GC heap after
{Heap after GC invocations=21 (full 0):
 garbage-first heap   total 276480K, used 10305K [0x0000000082400000, 0x0000000100000000)
  region size 1024K, 1 young (1024K), 1 survivors (1024K)
 Metaspace       used 15083K, capacity 16017K, committed 16128K, reserved 1062912K
  class space    used 2168K, capacity 2303K, committed 2304K, reserved 1048576K
}
Event: 11.354 GC heap before
{Heap before GC invocations=21 (full 0):
 garbage-first heap   total 276480K, used 175169K [0x0000000082400000, 0x0000000100000000)
  region size 1024K, 162 young (165888K), 1 survivors (1024K)
 Metaspace       used 15099K, capacity 16017K, committed 16128K, reserved 1062912K
  class space    used 2168K, capacity 2303K, committed 2304K, reserved 1048576K
}
Event: 11.355 GC heap after
{Heap after GC invocations=22 (full 0):
 garbage-first heap   total 276480K, used 10308K [0x0000000082400000, 0x0000000100000000)
  region size 1024K, 1 young (1024K), 1 survivors (1024K)
 Metaspace       used 15099K, capacity 16017K, committed 16128K, reserved 1062912K
  class space    used 2168K, capacity 2303K, committed 2304K, reserved 1048576K
}
Event: 11.391 GC heap before
{Heap before GC invocations=22 (full 0):
 garbage-first heap   total 276480K, used 175172K [0x0000000082400000, 0x0000000100000000)
  region size 1024K, 162 young (165888K), 1 survivors (1024K)
 Metaspace       used 15099K, capacity 16017K, committed 16128K, reserved 1062912K
  class space    used 2168K, capacity 2303K, committed 2304K, reserved 1048576K
}
Event: 11.392 GC heap after
{Heap after GC invocations=23 (full 0):
 garbage-first heap   total 276480K, used 10309K [0x0000000082400000, 0x0000000100000000)
  region size 1024K, 1 young (1024K), 1 survivors (1024K)
 Metaspace       used 15099K, capacity 16017K, committed 16128K, reserved 1062912K
  class space    used 2168K, capacity 2303K, committed 2304K, reserved 1048576K
}
Event: 11.429 GC heap before
{Heap before GC invocations=23 (full 0):
 garbage-first heap   total 276480K, used 175173K [0x0000000082400000, 0x0000000100000000)
  region size 1024K, 162 young (165888K), 1 survivors (1024K)
 Metaspace       used 15099K, capacity 16017K, committed 16128K, reserved 1062912K
  class space    used 2168K, capacity 2303K, committed 2304K, reserved 1048576K
}
Event: 11.430 GC heap after
{Heap after GC invocations=24 (full 0):
 garbage-first heap   total 276480K, used 10311K [0x0000000082400000, 0x0000000100000000)
  region size 1024K, 1 young (1024K), 1 survivors (1024K)
 Metaspace       used 15099K, capacity 16017K, committed 16128K, reserved 1062912K
  class space    used 2168K, capacity 2303K, committed 2304K, reserved 1048576K
}
Event: 11.468 GC heap before
{Heap before GC invocations=24 (full 0):
 garbage-first heap   total 276480K, used 175175K [0x0000000082400000, 0x0000000100000000)
  region size 1024K, 162 young (165888K), 1 survivors (1024K)
 Metaspace       used 15099K, capacity 16017K, committed 16128K, reserved 1062912K
  class space    used 2168K, capacity 2303K, committed 2304K, reserved 1048576K
}
Event: 11.469 GC heap after
{Heap after GC invocations=25 (full 0):
 garbage-first heap   total 276480K, used 10309K [0x0000000082400000, 0x0000000100000000)
  region size 1024K, 1 young (1024K), 1 survivors (1024K)
 Metaspace       used 15099K, capacity 16017K, committed 16128K, reserved 1062912K
  class space    used 2168K, capacity 2303K, committed 2304K, reserved 1048576K
}
Event: 11.505 GC heap before
{Heap before GC invocations=25 (full 0):
 garbage-first heap   total 276480K, used 175173K [0x0000000082400000, 0x0000000100000000)
  region size 1024K, 162 young (165888K), 1 survivors (1024K)
 Metaspace       used 15099K, capacity 16017K, committed 16128K, reserved 1062912K
  class space    used 2168K, capacity 2303K, committed 2304K, reserved 1048576K
}
Event: 11.506 GC heap after
{Heap after GC invocations=26 (full 0):
 garbage-first heap   total 276480K, used 10309K [0x0000000082400000, 0x0000000100000000)
  region size 1024K, 1 young (1024K), 1 survivors (1024K)
 Metaspace       used 15099K, capacity 16017K, committed 16128K, reserved 1062912K
  class space    used 2168K, capacity 2303K, committed 2304K, reserved 1048576K
}
Event: 11.543 GC heap before
{Heap before GC invocations=26 (full 0):
 garbage-first heap   total 276480K, used 175173K [0x0000000082400000, 0x0000000100000000)
  region size 1024K, 162 young (165888K), 1 survivors (1024K)
 Metaspace       used 15099K, capacity 16017K, committed 16128K, reserved 1062912K
  class space    used 2168K, capacity 2303K, committed 2304K, reserved 1048576K
}
Event: 11.543 GC heap after
{Heap after GC invocations=27 (full 0):
 garbage-first heap   total 276480K, used 10311K [0x0000000082400000, 0x0000000100000000)
  region size 1024K, 1 young (1024K), 1 survivors (1024K)
 Metaspace       used 15099K, capacity 16017K, committed 16128K, reserved 1062912K
  class space    used 2168K, capacity 2303K, committed 2304K, reserved 1048576K
}
Event: 11.581 GC heap before
{Heap before GC invocations=27 (full 0):
 garbage-first heap   total 276480K, used 175175K [0x0000000082400000, 0x0000000100000000)
  region size 1024K, 162 young (165888K), 1 survivors (1024K)
 Metaspace       used 15101K, capacity 16017K, committed 16128K, reserved 1062912K
  class space    used 2168K, capacity 2303K, committed 2304K, reserved 1048576K
}

