# JRE version: OpenJDK Runtime Environment (15.0.1+9) (build 15.0.1+9-18)
# Java VM: OpenJDK 64-Bit Server VM (15.0.1+9-18, mixed mode, sharing, tiered, compressed oops, g1 gc, windows-amd64)
GC Precious Log:
 CPUs: 4 total, 4 available
 Memory: 8043M
 Large Page Support: Disabled
 NUMA Support: Disabled
 Compressed Oops: Enabled (32-bit)
 Heap Region Size: 1M
 Heap Min Capacity: 8M
 Heap Initial Capacity: 126M
 Heap Max Capacity: 2012M
 Pre-touch: Disabled
 Parallel Workers: 4
 Concurrent Workers: 1
 Concurrent Refinement Workers: 4
 Periodic GC: Disabled
Heap:
 garbage-first heap   total 303104K, used 10240K [0x0000000082400000, 0x0000000100000000)
  region size 1024K, 1 young (1024K), 1 survivors (1024K)
 Metaspace       used 14853K, capacity 15824K, committed 15872K, reserved 1062912K
  class space    used 2168K, capacity 2303K, committed 2304K, reserved 1048576K
GC Heap History (20 events):
Event: 15.312 GC heap after
{Heap after GC invocations=8 (full 0):
 garbage-first heap   total 129024K, used 10265K [0x0000000082400000, 0x0000000100000000)
  region size 1024K, 5 young (5120K), 5 survivors (5120K)
 Metaspace       used 14803K, capacity 15760K, committed 15872K, reserved 1062912K
  class space    used 2168K, capacity 2303K, committed 2304K, reserved 1048576K
}
Event: 15.340 GC heap before
{Heap before GC invocations=8 (full 0):
 garbage-first heap   total 129024K, used 81945K [0x0000000082400000, 0x0000000100000000)
  region size 1024K, 75 young (76800K), 5 survivors (5120K)
 Metaspace       used 14825K, capacity 15824K, committed 15872K, reserved 1062912K
  class space    used 2168K, capacity 2303K, committed 2304K, reserved 1048576K
}
Event: 15.347 GC heap after
{Heap after GC invocations=9 (full 0):
 garbage-first heap   total 129024K, used 10200K [0x0000000082400000, 0x0000000100000000)
  region size 1024K, 5 young (5120K), 5 survivors (5120K)
 Metaspace       used 14825K, capacity 15824K, committed 15872K, reserved 1062912K
  class space    used 2168K, capacity 2303K, committed 2304K, reserved 1048576K
}
Event: 15.375 GC heap before
{Heap before GC invocations=9 (full 0):
 garbage-first heap   total 129024K, used 81880K [0x0000000082400000, 0x0000000100000000)
  region size 1024K, 75 young (76800K), 5 survivors (5120K)
 Metaspace       used 14829K, capacity 15824K, committed 15872K, reserved 1062912K
  class space    used 2168K, capacity 2303K, committed 2304K, reserved 1048576K
}
Event: 15.381 GC heap after
{Heap after GC invocations=10 (full 0):
 garbage-first heap   total 129024K, used 10393K [0x0000000082400000, 0x0000000100000000)
  region size 1024K, 5 young (5120K), 5 survivors (5120K)
 Metaspace       used 14829K, capacity 15824K, committed 15872K, reserved 1062912K
  class space    used 2168K, capacity 2303K, committed 2304K, reserved 1048576K
}
Event: 15.414 GC heap before
{Heap before GC invocations=10 (full 0):
 garbage-first heap   total 129024K, used 82073K [0x0000000082400000, 0x0000000100000000)
  region size 1024K, 75 young (76800K), 5 survivors (5120K)
 Metaspace       used 14829K, capacity 15824K, committed 15872K, reserved 1062912K
  class space    used 2168K, capacity 2303K, committed 2304K, reserved 1048576K
}
Event: 15.421 GC heap after
{Heap after GC invocations=11 (full 0):
 garbage-first heap   total 129024K, used 10381K [0x0000000082400000, 0x0000000100000000)
  region size 1024K, 5 young (5120K), 5 survivors (5120K)
 Metaspace       used 14829K, capacity 15824K, committed 15872K, reserved 1062912K
  class space    used 2168K, capacity 2303K, committed 2304K, reserved 1048576K
}
Event: 15.456 GC heap before
{Heap before GC invocations=11 (full 0):
 garbage-first heap   total 129024K, used 82061K [0x0000000082400000, 0x0000000100000000)
  region size 1024K, 75 young (76800K), 5 survivors (5120K)
 Metaspace       used 14840K, capacity 15824K, committed 15872K, reserved 1062912K
  class space    used 2168K, capacity 2303K, committed 2304K, reserved 1048576K
}
Event: 15.463 GC heap after
{Heap after GC invocations=12 (full 0):
 garbage-first heap   total 129024K, used 9970K [0x0000000082400000, 0x0000000100000000)
  region size 1024K, 5 young (5120K), 5 survivors (5120K)
 Metaspace       used 14840K, capacity 15824K, committed 15872K, reserved 1062912K
  class space    used 2168K, capacity 2303K, committed 2304K, reserved 1048576K
}
Event: 15.490 GC heap before
{Heap before GC invocations=12 (full 0):
 garbage-first heap   total 129024K, used 81650K [0x0000000082400000, 0x0000000100000000)
  region size 1024K, 75 young (76800K), 5 survivors (5120K)
 Metaspace       used 14840K, capacity 15824K, committed 15872K, reserved 1062912K
  class space    used 2168K, capacity 2303K, committed 2304K, reserved 1048576K
}
Event: 15.497 GC heap after
{Heap after GC invocations=13 (full 0):
 garbage-first heap   total 129024K, used 10009K [0x0000000082400000, 0x0000000100000000)
  region size 1024K, 5 young (5120K), 5 survivors (5120K)
 Metaspace       used 14840K, capacity 15824K, committed 15872K, reserved 1062912K
  class space    used 2168K, capacity 2303K, committed 2304K, reserved 1048576K
}
Event: 15.522 GC heap before
{Heap before GC invocations=13 (full 0):
 garbage-first heap   total 129024K, used 81689K [0x0000000082400000, 0x0000000100000000)
  region size 1024K, 75 young (76800K), 5 survivors (5120K)
 Metaspace       used 14840K, capacity 15824K, committed 15872K, reserved 1062912K
  class space    used 2168K, capacity 2303K, committed 2304K, reserved 1048576K
}
Event: 15.529 GC heap after
{Heap after GC invocations=14 (full 0):
 garbage-first heap   total 129024K, used 10059K [0x0000000082400000, 0x0000000100000000)
  region size 1024K, 5 young (5120K), 5 survivors (5120K)
 Metaspace       used 14840K, capacity 15824K, committed 15872K, reserved 1062912K
  class space    used 2168K, capacity 2303K, committed 2304K, reserved 1048576K
}
Event: 15.556 GC heap before
{Heap before GC invocations=14 (full 0):
 garbage-first heap   total 129024K, used 81739K [0x0000000082400000, 0x0000000100000000)
  region size 1024K, 75 young (76800K), 5 survivors (5120K)
 Metaspace       used 14840K, capacity 15824K, committed 15872K, reserved 1062912K
  class space    used 2168K, capacity 2303K, committed 2304K, reserved 1048576K
}
Event: 15.563 GC heap after
{Heap after GC invocations=15 (full 0):
 garbage-first heap   total 129024K, used 10008K [0x0000000082400000, 0x0000000100000000)
  region size 1024K, 5 young (5120K), 5 survivors (5120K)
 Metaspace       used 14840K, capacity 15824K, committed 15872K, reserved 1062912K
  class space    used 2168K, capacity 2303K, committed 2304K, reserved 1048576K
}
Event: 15.592 GC heap before
{Heap before GC invocations=15 (full 0):
 garbage-first heap   total 129024K, used 81688K [0x0000000082400000, 0x0000000100000000)
  region size 1024K, 75 young (76800K), 5 survivors (5120K)
 Metaspace       used 14853K, capacity 15824K, committed 15872K, reserved 1062912K
  class space    used 2168K, capacity 2303K, committed 2304K, reserved 1048576K
}
Event: 15.598 GC heap after
{Heap after GC invocations=16 (full 0):
 garbage-first heap   total 129024K, used 10261K [0x0000000082400000, 0x0000000100000000)
  region size 1024K, 5 young (5120K), 5 survivors (5120K)
 Metaspace       used 14853K, capacity 15824K, committed 15872K, reserved 1062912K
  class space    used 2168K, capacity 2303K, committed 2304K, reserved 1048576K
}
Event: 15.626 GC heap before
{Heap before GC invocations=16 (full 0):
 garbage-first heap   total 129024K, used 81941K [0x0000000082400000, 0x0000000100000000)
  region size 1024K, 75 young (76800K), 5 survivors (5120K)
 Metaspace       used 14853K, capacity 15824K, committed 15872K, reserved 1062912K
  class space    used 2168K, capacity 2303K, committed 2304K, reserved 1048576K
}
Event: 15.633 GC heap after
{Heap after GC invocations=17 (full 0):
 garbage-first heap   total 129024K, used 10005K [0x0000000082400000, 0x0000000100000000)
  region size 1024K, 3 young (3072K), 3 survivors (3072K)
 Metaspace       used 14853K, capacity 15824K, committed 15872K, reserved 1062912K
  class space    used 2168K, capacity 2303K, committed 2304K, reserved 1048576K
}
Event: 15.661 GC heap before
{Heap before GC invocations=17 (full 0):
 garbage-first heap   total 129024K, used 83733K [0x0000000082400000, 0x0000000100000000)
  region size 1024K, 75 young (76800K), 3 survivors (3072K)
 Metaspace       used 14853K, capacity 15824K, committed 15872K, reserved 1062912K
  class space    used 2168K, capacity 2303K, committed 2304K, reserved 1048576K
}

